{
  "RSpec": {
    "coverage": {
      "/Users/jvolpe/Desktop/Turing/3mod/projects/rails-engine/app/models/item.rb": {
        "lines": [
          1,
          1,
          1,
          1,
          1,
          1,
          null,
          1,
          null,
          1,
          null,
          null,
          null,
          2,
          null,
          null,
          null,
          null,
          null,
          null,
          null,
          null,
          null,
          1,
          null,
          null,
          null,
          0,
          null,
          null,
          1,
          null,
          null,
          null,
          0,
          null,
          null,
          1,
          null,
          null,
          null,
          null,
          null,
          0,
          null,
          null
        ]
      },
      "/Users/jvolpe/Desktop/Turing/3mod/projects/rails-engine/app/models/application_record.rb": {
        "lines": [
          1,
          1,
          null
        ]
      },
      "/Users/jvolpe/Desktop/Turing/3mod/projects/rails-engine/app/models/merchant.rb": {
        "lines": [
          1,
          1,
          1,
          1,
          1,
          1,
          null,
          null,
          1,
          null,
          0,
          null,
          null,
          1,
          null,
          null,
          null,
          null,
          0,
          null,
          null,
          null,
          null,
          null,
          null,
          null,
          null,
          null,
          null,
          1,
          null,
          null,
          null,
          null,
          null,
          null,
          0,
          null,
          null
        ]
      },
      "/Users/jvolpe/Desktop/Turing/3mod/projects/rails-engine/app/controllers/api/v1/items/search_controller.rb": {
        "lines": [
          1,
          1,
          14,
          14,
          2,
          12,
          2,
          10,
          3,
          7,
          3,
          4,
          3,
          null,
          1,
          null,
          null,
          null,
          null,
          null,
          1,
          null,
          1,
          2,
          2,
          2,
          1,
          null,
          1,
          null,
          null,
          null,
          1,
          3,
          3,
          3,
          1,
          2,
          1,
          null,
          1,
          null,
          null,
          null,
          1,
          3,
          3,
          3,
          1,
          2,
          1,
          null,
          1,
          null,
          null,
          null,
          1,
          3,
          3,
          3,
          1,
          2,
          1,
          null,
          1,
          null,
          null,
          null
        ]
      },
      "/Users/jvolpe/Desktop/Turing/3mod/projects/rails-engine/app/controllers/application_controller.rb": {
        "lines": [
          1,
          1,
          null,
          1,
          1,
          null,
          1,
          0,
          null,
          null,
          1,
          0,
          null,
          null,
          1,
          0,
          null,
          null,
          1,
          0,
          null,
          null,
          1,
          0,
          0,
          0,
          0,
          0,
          0,
          null,
          0,
          null,
          null,
          null,
          null,
          null,
          1,
          null
        ]
      },
      "/Users/jvolpe/Desktop/Turing/3mod/projects/rails-engine/app/serializers/item_serializer.rb": {
        "lines": [
          1,
          1,
          1,
          null,
          1,
          4,
          null,
          null
        ]
      }
    },
    "timestamp": 1617930554
  }
}
